2022-07-24 09:57:02,519 INFO  [restartedMain] com.greenrent.GreenRentApplication:Starting GreenRentApplication using Java 17.0.2 on DESKTOP-1U063IB with PID 8776 (C:\Users\Furkan\Documents\workspace-greenrent\GreenRent\target\classes started by Furkan in C:\Users\Furkan\Documents\workspace-greenrent\GreenRent)
2022-07-24 09:57:02,525 INFO  [restartedMain] com.greenrent.GreenRentApplication:The following 1 profile is active: "prod"
2022-07-24 09:57:02,606 INFO  [restartedMain] org.springframework.boot.devtools.env.DevToolsPropertyDefaultsPostProcessor:Devtools property defaults active! Set 'spring.devtools.add-properties' to 'false' to disable
2022-07-24 09:57:02,607 INFO  [restartedMain] org.springframework.boot.devtools.env.DevToolsPropertyDefaultsPostProcessor:For additional web related logging consider setting the 'logging.level.web' property to 'DEBUG'
2022-07-24 09:57:04,570 INFO  [restartedMain] org.springframework.data.repository.config.RepositoryConfigurationDelegate:Bootstrapping Spring Data JPA repositories in DEFAULT mode.
2022-07-24 09:57:04,728 INFO  [restartedMain] org.springframework.data.repository.config.RepositoryConfigurationDelegate:Finished Spring Data repository scanning in 145 ms. Found 6 JPA repository interfaces.
2022-07-24 09:57:05,914 INFO  [restartedMain] org.springframework.boot.web.embedded.tomcat.TomcatWebServer:Tomcat initialized with port(s): 8080 (http)
2022-07-24 09:57:05,934 INFO  [restartedMain] org.apache.catalina.core.StandardService:Starting service [Tomcat]
2022-07-24 09:57:05,935 INFO  [restartedMain] org.apache.catalina.core.StandardEngine:Starting Servlet engine: [Apache Tomcat/9.0.64]
2022-07-24 09:57:06,096 INFO  [restartedMain] org.apache.catalina.core.ContainerBase.[Tomcat].[localhost].[/]:Initializing Spring embedded WebApplicationContext
2022-07-24 09:57:06,097 INFO  [restartedMain] org.springframework.boot.web.servlet.context.ServletWebServerApplicationContext:Root WebApplicationContext: initialization completed in 3490 ms
2022-07-24 09:57:06,464 INFO  [restartedMain] org.hibernate.jpa.internal.util.LogHelper:HHH000204: Processing PersistenceUnitInfo [name: default]
2022-07-24 09:57:06,561 INFO  [restartedMain] org.hibernate.Version:HHH000412: Hibernate ORM core version 5.6.9.Final
2022-07-24 09:57:06,865 INFO  [restartedMain] org.hibernate.annotations.common.Version:HCANN000001: Hibernate Commons Annotations {5.1.2.Final}
2022-07-24 09:57:07,060 INFO  [restartedMain] com.zaxxer.hikari.HikariDataSource:HikariPool-1 - Starting...
2022-07-24 09:57:07,632 INFO  [restartedMain] com.zaxxer.hikari.HikariDataSource:HikariPool-1 - Start completed.
2022-07-24 09:57:07,664 INFO  [restartedMain] org.hibernate.dialect.Dialect:HHH000400: Using dialect: org.hibernate.dialect.PostgreSQLDialect
2022-07-24 09:57:09,258 INFO  [restartedMain] org.hibernate.engine.transaction.jta.platform.internal.JtaPlatformInitiator:HHH000490: Using JtaPlatform implementation: [org.hibernate.engine.transaction.jta.platform.internal.NoJtaPlatform]
2022-07-24 09:57:09,271 INFO  [restartedMain] org.springframework.orm.jpa.LocalContainerEntityManagerFactoryBean:Initialized JPA EntityManagerFactory for persistence unit 'default'
2022-07-24 09:57:10,218 WARN  [restartedMain] org.springframework.boot.autoconfigure.orm.jpa.JpaBaseConfiguration$JpaWebConfiguration:spring.jpa.open-in-view is enabled by default. Therefore, database queries may be performed during view rendering. Explicitly configure spring.jpa.open-in-view to disable this warning
2022-07-24 09:57:11,006 WARN  [restartedMain] org.springframework.security.config.annotation.web.builders.WebSecurity:You are asking Spring Security to ignore Ant [pattern='/v3/api-docs/**']. This is not recommended -- please use permitAll via HttpSecurity#authorizeHttpRequests instead.
2022-07-24 09:57:11,007 INFO  [restartedMain] org.springframework.security.web.DefaultSecurityFilterChain:Will not secure Ant [pattern='/v3/api-docs/**']
2022-07-24 09:57:11,007 WARN  [restartedMain] org.springframework.security.config.annotation.web.builders.WebSecurity:You are asking Spring Security to ignore Ant [pattern='swagger-ui.html']. This is not recommended -- please use permitAll via HttpSecurity#authorizeHttpRequests instead.
2022-07-24 09:57:11,008 INFO  [restartedMain] org.springframework.security.web.DefaultSecurityFilterChain:Will not secure Ant [pattern='swagger-ui.html']
2022-07-24 09:57:11,008 WARN  [restartedMain] org.springframework.security.config.annotation.web.builders.WebSecurity:You are asking Spring Security to ignore Ant [pattern='/swagger-ui/**']. This is not recommended -- please use permitAll via HttpSecurity#authorizeHttpRequests instead.
2022-07-24 09:57:11,009 INFO  [restartedMain] org.springframework.security.web.DefaultSecurityFilterChain:Will not secure Ant [pattern='/swagger-ui/**']
2022-07-24 09:57:11,009 WARN  [restartedMain] org.springframework.security.config.annotation.web.builders.WebSecurity:You are asking Spring Security to ignore Ant [pattern='/']. This is not recommended -- please use permitAll via HttpSecurity#authorizeHttpRequests instead.
2022-07-24 09:57:11,009 INFO  [restartedMain] org.springframework.security.web.DefaultSecurityFilterChain:Will not secure Ant [pattern='/']
2022-07-24 09:57:11,010 WARN  [restartedMain] org.springframework.security.config.annotation.web.builders.WebSecurity:You are asking Spring Security to ignore Ant [pattern='index.html']. This is not recommended -- please use permitAll via HttpSecurity#authorizeHttpRequests instead.
2022-07-24 09:57:11,010 INFO  [restartedMain] org.springframework.security.web.DefaultSecurityFilterChain:Will not secure Ant [pattern='index.html']
2022-07-24 09:57:11,010 WARN  [restartedMain] org.springframework.security.config.annotation.web.builders.WebSecurity:You are asking Spring Security to ignore Ant [pattern='/images/**']. This is not recommended -- please use permitAll via HttpSecurity#authorizeHttpRequests instead.
2022-07-24 09:57:11,010 INFO  [restartedMain] org.springframework.security.web.DefaultSecurityFilterChain:Will not secure Ant [pattern='/images/**']
2022-07-24 09:57:11,073 INFO  [restartedMain] org.springframework.security.web.DefaultSecurityFilterChain:Will secure any request with [org.springframework.security.web.context.request.async.WebAsyncManagerIntegrationFilter@f274b2e, org.springframework.security.web.context.SecurityContextPersistenceFilter@33218838, org.springframework.security.web.header.HeaderWriterFilter@29ffd252, org.springframework.security.web.authentication.logout.LogoutFilter@6d395e78, com.greenrent.security.jwt.AuthTokenFilter@402cdb70, org.springframework.security.web.savedrequest.RequestCacheAwareFilter@158ca721, org.springframework.security.web.servletapi.SecurityContextHolderAwareRequestFilter@59252186, org.springframework.security.web.authentication.AnonymousAuthenticationFilter@305dc804, org.springframework.security.web.session.SessionManagementFilter@12028372, org.springframework.security.web.access.ExceptionTranslationFilter@1d1d5871, org.springframework.security.web.access.intercept.FilterSecurityInterceptor@4f97b71]
2022-07-24 09:57:12,889 INFO  [restartedMain] org.springframework.boot.devtools.autoconfigure.OptionalLiveReloadServer:LiveReload server is running on port 35729
2022-07-24 09:57:12,897 INFO  [restartedMain] org.springframework.boot.actuate.endpoint.web.EndpointLinksResolver:Exposing 2 endpoint(s) beneath base path '/actuator'
2022-07-24 09:57:13,007 INFO  [restartedMain] org.springframework.boot.web.embedded.tomcat.TomcatWebServer:Tomcat started on port(s): 8080 (http) with context path ''
2022-07-24 09:57:13,040 INFO  [restartedMain] com.greenrent.GreenRentApplication:Started GreenRentApplication in 11.321 seconds (JVM running for 12.54)
2022-07-24 09:57:13,807 INFO  [RMI TCP Connection(1)-127.0.0.1] org.apache.catalina.core.ContainerBase.[Tomcat].[localhost].[/]:Initializing Spring DispatcherServlet 'dispatcherServlet'
2022-07-24 09:57:13,807 INFO  [RMI TCP Connection(1)-127.0.0.1] org.springframework.web.servlet.DispatcherServlet:Initializing Servlet 'dispatcherServlet'
2022-07-24 09:57:13,809 INFO  [RMI TCP Connection(1)-127.0.0.1] org.springframework.web.servlet.DispatcherServlet:Completed initialization in 2 ms
2022-07-24 10:04:30,252 INFO  [RMI TCP Connection(12)-127.0.0.1] org.springframework.boot.admin.SpringApplicationAdminMXBeanRegistrar$SpringApplicationAdmin:Application shutdown requested.
2022-07-24 10:04:30,297 INFO  [RMI TCP Connection(12)-127.0.0.1] org.springframework.orm.jpa.LocalContainerEntityManagerFactoryBean:Closing JPA EntityManagerFactory for persistence unit 'default'
2022-07-24 10:04:30,303 INFO  [RMI TCP Connection(12)-127.0.0.1] com.zaxxer.hikari.HikariDataSource:HikariPool-1 - Shutdown initiated...
2022-07-24 10:04:30,306 INFO  [RMI TCP Connection(12)-127.0.0.1] com.zaxxer.hikari.HikariDataSource:HikariPool-1 - Shutdown completed.
2022-07-24 10:31:46,632 INFO  [restartedMain] com.greenrent.GreenRentApplication:Starting GreenRentApplication using Java 17.0.2 on DESKTOP-1U063IB with PID 3308 (C:\Users\Furkan\Documents\workspace-greenrent\GreenRent\target\classes started by Furkan in C:\Users\Furkan\Documents\workspace-greenrent\GreenRent)
2022-07-24 10:31:46,652 INFO  [restartedMain] com.greenrent.GreenRentApplication:The following 1 profile is active: "prod"
2022-07-24 10:31:46,726 INFO  [restartedMain] org.springframework.boot.devtools.env.DevToolsPropertyDefaultsPostProcessor:Devtools property defaults active! Set 'spring.devtools.add-properties' to 'false' to disable
2022-07-24 10:31:46,726 INFO  [restartedMain] org.springframework.boot.devtools.env.DevToolsPropertyDefaultsPostProcessor:For additional web related logging consider setting the 'logging.level.web' property to 'DEBUG'
2022-07-24 10:31:48,363 INFO  [restartedMain] org.springframework.data.repository.config.RepositoryConfigurationDelegate:Bootstrapping Spring Data JPA repositories in DEFAULT mode.
2022-07-24 10:31:48,511 INFO  [restartedMain] org.springframework.data.repository.config.RepositoryConfigurationDelegate:Finished Spring Data repository scanning in 136 ms. Found 6 JPA repository interfaces.
2022-07-24 10:31:49,643 INFO  [restartedMain] org.springframework.boot.web.embedded.tomcat.TomcatWebServer:Tomcat initialized with port(s): 8080 (http)
2022-07-24 10:31:49,660 INFO  [restartedMain] org.apache.catalina.core.StandardService:Starting service [Tomcat]
2022-07-24 10:31:49,661 INFO  [restartedMain] org.apache.catalina.core.StandardEngine:Starting Servlet engine: [Apache Tomcat/9.0.64]
2022-07-24 10:31:49,863 INFO  [restartedMain] org.apache.catalina.core.ContainerBase.[Tomcat].[localhost].[/]:Initializing Spring embedded WebApplicationContext
2022-07-24 10:31:49,864 INFO  [restartedMain] org.springframework.boot.web.servlet.context.ServletWebServerApplicationContext:Root WebApplicationContext: initialization completed in 3137 ms
2022-07-24 10:31:50,360 INFO  [restartedMain] org.hibernate.jpa.internal.util.LogHelper:HHH000204: Processing PersistenceUnitInfo [name: default]
2022-07-24 10:31:50,449 INFO  [restartedMain] org.hibernate.Version:HHH000412: Hibernate ORM core version 5.6.9.Final
2022-07-24 10:31:50,725 INFO  [restartedMain] org.hibernate.annotations.common.Version:HCANN000001: Hibernate Commons Annotations {5.1.2.Final}
2022-07-24 10:31:50,938 INFO  [restartedMain] com.zaxxer.hikari.HikariDataSource:HikariPool-1 - Starting...
2022-07-24 10:31:51,553 INFO  [restartedMain] com.zaxxer.hikari.HikariDataSource:HikariPool-1 - Start completed.
2022-07-24 10:31:51,583 INFO  [restartedMain] org.hibernate.dialect.Dialect:HHH000400: Using dialect: org.hibernate.dialect.PostgreSQLDialect
2022-07-24 10:31:53,063 INFO  [restartedMain] org.hibernate.engine.transaction.jta.platform.internal.JtaPlatformInitiator:HHH000490: Using JtaPlatform implementation: [org.hibernate.engine.transaction.jta.platform.internal.NoJtaPlatform]
2022-07-24 10:31:53,077 INFO  [restartedMain] org.springframework.orm.jpa.LocalContainerEntityManagerFactoryBean:Initialized JPA EntityManagerFactory for persistence unit 'default'
2022-07-24 10:31:54,060 WARN  [restartedMain] org.springframework.boot.autoconfigure.orm.jpa.JpaBaseConfiguration$JpaWebConfiguration:spring.jpa.open-in-view is enabled by default. Therefore, database queries may be performed during view rendering. Explicitly configure spring.jpa.open-in-view to disable this warning
2022-07-24 10:31:54,897 WARN  [restartedMain] org.springframework.security.config.annotation.web.builders.WebSecurity:You are asking Spring Security to ignore Ant [pattern='/v3/api-docs/**']. This is not recommended -- please use permitAll via HttpSecurity#authorizeHttpRequests instead.
2022-07-24 10:31:54,898 INFO  [restartedMain] org.springframework.security.web.DefaultSecurityFilterChain:Will not secure Ant [pattern='/v3/api-docs/**']
2022-07-24 10:31:54,899 WARN  [restartedMain] org.springframework.security.config.annotation.web.builders.WebSecurity:You are asking Spring Security to ignore Ant [pattern='swagger-ui.html']. This is not recommended -- please use permitAll via HttpSecurity#authorizeHttpRequests instead.
2022-07-24 10:31:54,900 INFO  [restartedMain] org.springframework.security.web.DefaultSecurityFilterChain:Will not secure Ant [pattern='swagger-ui.html']
2022-07-24 10:31:54,900 WARN  [restartedMain] org.springframework.security.config.annotation.web.builders.WebSecurity:You are asking Spring Security to ignore Ant [pattern='/swagger-ui/**']. This is not recommended -- please use permitAll via HttpSecurity#authorizeHttpRequests instead.
2022-07-24 10:31:54,901 INFO  [restartedMain] org.springframework.security.web.DefaultSecurityFilterChain:Will not secure Ant [pattern='/swagger-ui/**']
2022-07-24 10:31:54,901 WARN  [restartedMain] org.springframework.security.config.annotation.web.builders.WebSecurity:You are asking Spring Security to ignore Ant [pattern='/']. This is not recommended -- please use permitAll via HttpSecurity#authorizeHttpRequests instead.
2022-07-24 10:31:54,901 INFO  [restartedMain] org.springframework.security.web.DefaultSecurityFilterChain:Will not secure Ant [pattern='/']
2022-07-24 10:31:54,901 WARN  [restartedMain] org.springframework.security.config.annotation.web.builders.WebSecurity:You are asking Spring Security to ignore Ant [pattern='index.html']. This is not recommended -- please use permitAll via HttpSecurity#authorizeHttpRequests instead.
2022-07-24 10:31:54,902 INFO  [restartedMain] org.springframework.security.web.DefaultSecurityFilterChain:Will not secure Ant [pattern='index.html']
2022-07-24 10:31:54,902 WARN  [restartedMain] org.springframework.security.config.annotation.web.builders.WebSecurity:You are asking Spring Security to ignore Ant [pattern='/images/**']. This is not recommended -- please use permitAll via HttpSecurity#authorizeHttpRequests instead.
2022-07-24 10:31:54,902 INFO  [restartedMain] org.springframework.security.web.DefaultSecurityFilterChain:Will not secure Ant [pattern='/images/**']
2022-07-24 10:31:54,954 INFO  [restartedMain] org.springframework.security.web.DefaultSecurityFilterChain:Will secure any request with [org.springframework.security.web.context.request.async.WebAsyncManagerIntegrationFilter@684129fc, org.springframework.security.web.context.SecurityContextPersistenceFilter@62962aed, org.springframework.security.web.header.HeaderWriterFilter@7467724, org.springframework.security.web.authentication.logout.LogoutFilter@305070cd, com.greenrent.security.jwt.AuthTokenFilter@642bb158, org.springframework.security.web.savedrequest.RequestCacheAwareFilter@51e16ee9, org.springframework.security.web.servletapi.SecurityContextHolderAwareRequestFilter@229a62bd, org.springframework.security.web.authentication.AnonymousAuthenticationFilter@68ee3e97, org.springframework.security.web.session.SessionManagementFilter@6f1d93a8, org.springframework.security.web.access.ExceptionTranslationFilter@6c68face, org.springframework.security.web.access.intercept.FilterSecurityInterceptor@62e8e233]
2022-07-24 10:31:57,162 INFO  [restartedMain] org.springframework.boot.devtools.autoconfigure.OptionalLiveReloadServer:LiveReload server is running on port 35729
2022-07-24 10:31:57,174 INFO  [restartedMain] org.springframework.boot.actuate.endpoint.web.EndpointLinksResolver:Exposing 2 endpoint(s) beneath base path '/actuator'
2022-07-24 10:31:57,290 WARN  [restartedMain] org.springframework.boot.web.servlet.context.AnnotationConfigServletWebServerApplicationContext:Exception encountered during context initialization - cancelling refresh attempt: org.springframework.context.ApplicationContextException: Failed to start bean 'webServerStartStop'; nested exception is org.springframework.boot.web.server.PortInUseException: Port 8080 is already in use
2022-07-24 10:31:57,303 INFO  [restartedMain] org.springframework.orm.jpa.LocalContainerEntityManagerFactoryBean:Closing JPA EntityManagerFactory for persistence unit 'default'
2022-07-24 10:31:57,308 INFO  [restartedMain] com.zaxxer.hikari.HikariDataSource:HikariPool-1 - Shutdown initiated...
2022-07-24 10:31:57,313 INFO  [restartedMain] com.zaxxer.hikari.HikariDataSource:HikariPool-1 - Shutdown completed.
2022-07-24 10:31:57,320 INFO  [restartedMain] org.apache.catalina.core.StandardService:Stopping service [Tomcat]
2022-07-24 10:31:57,358 INFO  [restartedMain] org.springframework.boot.autoconfigure.logging.ConditionEvaluationReportLoggingListener:

Error starting ApplicationContext. To display the conditions report re-run your application with 'debug' enabled.
2022-07-24 10:31:57,395 ERROR [restartedMain] org.springframework.boot.diagnostics.LoggingFailureAnalysisReporter:

***************************
APPLICATION FAILED TO START
***************************

Description:

Web server failed to start. Port 8080 was already in use.

Action:

Identify and stop the process that's listening on port 8080 or configure this application to listen on another port.

2022-07-24 10:34:39,497 INFO  [restartedMain] com.greenrent.GreenRentApplication:Starting GreenRentApplication using Java 17.0.2 on DESKTOP-1U063IB with PID 11572 (C:\Users\Furkan\Documents\workspace-greenrent\GreenRent\target\classes started by Furkan in C:\Users\Furkan\Documents\workspace-greenrent\GreenRent)
2022-07-24 10:34:39,499 INFO  [restartedMain] com.greenrent.GreenRentApplication:The following 1 profile is active: "prod"
2022-07-24 10:34:39,585 INFO  [restartedMain] org.springframework.boot.devtools.env.DevToolsPropertyDefaultsPostProcessor:Devtools property defaults active! Set 'spring.devtools.add-properties' to 'false' to disable
2022-07-24 10:34:39,585 INFO  [restartedMain] org.springframework.boot.devtools.env.DevToolsPropertyDefaultsPostProcessor:For additional web related logging consider setting the 'logging.level.web' property to 'DEBUG'
2022-07-24 10:34:41,266 INFO  [restartedMain] org.springframework.data.repository.config.RepositoryConfigurationDelegate:Bootstrapping Spring Data JPA repositories in DEFAULT mode.
2022-07-24 10:34:41,406 INFO  [restartedMain] org.springframework.data.repository.config.RepositoryConfigurationDelegate:Finished Spring Data repository scanning in 128 ms. Found 6 JPA repository interfaces.
2022-07-24 10:34:42,508 INFO  [restartedMain] org.springframework.boot.web.embedded.tomcat.TomcatWebServer:Tomcat initialized with port(s): 8080 (http)
2022-07-24 10:34:42,525 INFO  [restartedMain] org.apache.catalina.core.StandardService:Starting service [Tomcat]
2022-07-24 10:34:42,525 INFO  [restartedMain] org.apache.catalina.core.StandardEngine:Starting Servlet engine: [Apache Tomcat/9.0.64]
2022-07-24 10:34:42,704 INFO  [restartedMain] org.apache.catalina.core.ContainerBase.[Tomcat].[localhost].[/]:Initializing Spring embedded WebApplicationContext
2022-07-24 10:34:42,705 INFO  [restartedMain] org.springframework.boot.web.servlet.context.ServletWebServerApplicationContext:Root WebApplicationContext: initialization completed in 3118 ms
2022-07-24 10:34:43,167 INFO  [restartedMain] org.hibernate.jpa.internal.util.LogHelper:HHH000204: Processing PersistenceUnitInfo [name: default]
2022-07-24 10:34:43,278 INFO  [restartedMain] org.hibernate.Version:HHH000412: Hibernate ORM core version 5.6.9.Final
2022-07-24 10:34:43,627 INFO  [restartedMain] org.hibernate.annotations.common.Version:HCANN000001: Hibernate Commons Annotations {5.1.2.Final}
2022-07-24 10:34:43,815 INFO  [restartedMain] com.zaxxer.hikari.HikariDataSource:HikariPool-1 - Starting...
2022-07-24 10:34:44,505 INFO  [restartedMain] com.zaxxer.hikari.HikariDataSource:HikariPool-1 - Start completed.
2022-07-24 10:34:44,541 INFO  [restartedMain] org.hibernate.dialect.Dialect:HHH000400: Using dialect: org.hibernate.dialect.PostgreSQLDialect
2022-07-24 10:34:45,943 INFO  [restartedMain] org.hibernate.engine.transaction.jta.platform.internal.JtaPlatformInitiator:HHH000490: Using JtaPlatform implementation: [org.hibernate.engine.transaction.jta.platform.internal.NoJtaPlatform]
2022-07-24 10:34:45,955 INFO  [restartedMain] org.springframework.orm.jpa.LocalContainerEntityManagerFactoryBean:Initialized JPA EntityManagerFactory for persistence unit 'default'
2022-07-24 10:34:46,870 WARN  [restartedMain] org.springframework.boot.autoconfigure.orm.jpa.JpaBaseConfiguration$JpaWebConfiguration:spring.jpa.open-in-view is enabled by default. Therefore, database queries may be performed during view rendering. Explicitly configure spring.jpa.open-in-view to disable this warning
2022-07-24 10:34:47,647 WARN  [restartedMain] org.springframework.security.config.annotation.web.builders.WebSecurity:You are asking Spring Security to ignore Ant [pattern='/v3/api-docs/**']. This is not recommended -- please use permitAll via HttpSecurity#authorizeHttpRequests instead.
2022-07-24 10:34:47,648 INFO  [restartedMain] org.springframework.security.web.DefaultSecurityFilterChain:Will not secure Ant [pattern='/v3/api-docs/**']
2022-07-24 10:34:47,649 WARN  [restartedMain] org.springframework.security.config.annotation.web.builders.WebSecurity:You are asking Spring Security to ignore Ant [pattern='swagger-ui.html']. This is not recommended -- please use permitAll via HttpSecurity#authorizeHttpRequests instead.
2022-07-24 10:34:47,649 INFO  [restartedMain] org.springframework.security.web.DefaultSecurityFilterChain:Will not secure Ant [pattern='swagger-ui.html']
2022-07-24 10:34:47,649 WARN  [restartedMain] org.springframework.security.config.annotation.web.builders.WebSecurity:You are asking Spring Security to ignore Ant [pattern='/swagger-ui/**']. This is not recommended -- please use permitAll via HttpSecurity#authorizeHttpRequests instead.
2022-07-24 10:34:47,649 INFO  [restartedMain] org.springframework.security.web.DefaultSecurityFilterChain:Will not secure Ant [pattern='/swagger-ui/**']
2022-07-24 10:34:47,650 WARN  [restartedMain] org.springframework.security.config.annotation.web.builders.WebSecurity:You are asking Spring Security to ignore Ant [pattern='/']. This is not recommended -- please use permitAll via HttpSecurity#authorizeHttpRequests instead.
2022-07-24 10:34:47,650 INFO  [restartedMain] org.springframework.security.web.DefaultSecurityFilterChain:Will not secure Ant [pattern='/']
2022-07-24 10:34:47,650 WARN  [restartedMain] org.springframework.security.config.annotation.web.builders.WebSecurity:You are asking Spring Security to ignore Ant [pattern='index.html']. This is not recommended -- please use permitAll via HttpSecurity#authorizeHttpRequests instead.
2022-07-24 10:34:47,650 INFO  [restartedMain] org.springframework.security.web.DefaultSecurityFilterChain:Will not secure Ant [pattern='index.html']
2022-07-24 10:34:47,650 WARN  [restartedMain] org.springframework.security.config.annotation.web.builders.WebSecurity:You are asking Spring Security to ignore Ant [pattern='/images/**']. This is not recommended -- please use permitAll via HttpSecurity#authorizeHttpRequests instead.
2022-07-24 10:34:47,650 INFO  [restartedMain] org.springframework.security.web.DefaultSecurityFilterChain:Will not secure Ant [pattern='/images/**']
2022-07-24 10:34:47,697 INFO  [restartedMain] org.springframework.security.web.DefaultSecurityFilterChain:Will secure any request with [org.springframework.security.web.context.request.async.WebAsyncManagerIntegrationFilter@4bac2199, org.springframework.security.web.context.SecurityContextPersistenceFilter@485fcbe, org.springframework.security.web.header.HeaderWriterFilter@50d8b4fe, org.springframework.security.web.authentication.logout.LogoutFilter@1320c42c, com.greenrent.security.jwt.AuthTokenFilter@7fc9a9ad, org.springframework.security.web.savedrequest.RequestCacheAwareFilter@5042872f, org.springframework.security.web.servletapi.SecurityContextHolderAwareRequestFilter@46eab483, org.springframework.security.web.authentication.AnonymousAuthenticationFilter@27be053f, org.springframework.security.web.session.SessionManagementFilter@34402d4e, org.springframework.security.web.access.ExceptionTranslationFilter@74068ee1, org.springframework.security.web.access.intercept.FilterSecurityInterceptor@5ef63cd8]
2022-07-24 10:34:49,653 INFO  [restartedMain] org.springframework.boot.devtools.autoconfigure.OptionalLiveReloadServer:LiveReload server is running on port 35729
2022-07-24 10:34:49,661 INFO  [restartedMain] org.springframework.boot.actuate.endpoint.web.EndpointLinksResolver:Exposing 2 endpoint(s) beneath base path '/actuator'
2022-07-24 10:34:49,747 WARN  [restartedMain] org.springframework.boot.web.servlet.context.AnnotationConfigServletWebServerApplicationContext:Exception encountered during context initialization - cancelling refresh attempt: org.springframework.context.ApplicationContextException: Failed to start bean 'webServerStartStop'; nested exception is org.springframework.boot.web.server.PortInUseException: Port 8080 is already in use
2022-07-24 10:34:49,759 INFO  [restartedMain] org.springframework.orm.jpa.LocalContainerEntityManagerFactoryBean:Closing JPA EntityManagerFactory for persistence unit 'default'
2022-07-24 10:34:49,766 INFO  [restartedMain] com.zaxxer.hikari.HikariDataSource:HikariPool-1 - Shutdown initiated...
2022-07-24 10:34:49,770 INFO  [restartedMain] com.zaxxer.hikari.HikariDataSource:HikariPool-1 - Shutdown completed.
2022-07-24 10:34:49,777 INFO  [restartedMain] org.apache.catalina.core.StandardService:Stopping service [Tomcat]
2022-07-24 10:34:49,809 INFO  [restartedMain] org.springframework.boot.autoconfigure.logging.ConditionEvaluationReportLoggingListener:

Error starting ApplicationContext. To display the conditions report re-run your application with 'debug' enabled.
2022-07-24 10:34:49,838 ERROR [restartedMain] org.springframework.boot.diagnostics.LoggingFailureAnalysisReporter:

***************************
APPLICATION FAILED TO START
***************************

Description:

Web server failed to start. Port 8080 was already in use.

Action:

Identify and stop the process that's listening on port 8080 or configure this application to listen on another port.

2022-07-24 10:37:41,369 INFO  [restartedMain] com.greenrent.GreenRentApplication:Starting GreenRentApplication using Java 17.0.2 on DESKTOP-1U063IB with PID 14452 (C:\Users\Furkan\Documents\workspace-greenrent\GreenRent\target\classes started by Furkan in C:\Users\Furkan\Documents\workspace-greenrent\GreenRent)
2022-07-24 10:37:41,371 INFO  [restartedMain] com.greenrent.GreenRentApplication:The following 1 profile is active: "prod"
2022-07-24 10:37:41,446 INFO  [restartedMain] org.springframework.boot.devtools.env.DevToolsPropertyDefaultsPostProcessor:Devtools property defaults active! Set 'spring.devtools.add-properties' to 'false' to disable
2022-07-24 10:37:41,447 INFO  [restartedMain] org.springframework.boot.devtools.env.DevToolsPropertyDefaultsPostProcessor:For additional web related logging consider setting the 'logging.level.web' property to 'DEBUG'
2022-07-24 10:37:43,027 INFO  [restartedMain] org.springframework.data.repository.config.RepositoryConfigurationDelegate:Bootstrapping Spring Data JPA repositories in DEFAULT mode.
2022-07-24 10:37:43,159 INFO  [restartedMain] org.springframework.data.repository.config.RepositoryConfigurationDelegate:Finished Spring Data repository scanning in 119 ms. Found 6 JPA repository interfaces.
2022-07-24 10:37:44,129 INFO  [restartedMain] org.springframework.boot.web.embedded.tomcat.TomcatWebServer:Tomcat initialized with port(s): 8080 (http)
2022-07-24 10:37:44,140 INFO  [restartedMain] org.apache.catalina.core.StandardService:Starting service [Tomcat]
2022-07-24 10:37:44,141 INFO  [restartedMain] org.apache.catalina.core.StandardEngine:Starting Servlet engine: [Apache Tomcat/9.0.64]
2022-07-24 10:37:44,291 INFO  [restartedMain] org.apache.catalina.core.ContainerBase.[Tomcat].[localhost].[/]:Initializing Spring embedded WebApplicationContext
2022-07-24 10:37:44,292 INFO  [restartedMain] org.springframework.boot.web.servlet.context.ServletWebServerApplicationContext:Root WebApplicationContext: initialization completed in 2845 ms
2022-07-24 10:37:44,713 INFO  [restartedMain] org.hibernate.jpa.internal.util.LogHelper:HHH000204: Processing PersistenceUnitInfo [name: default]
2022-07-24 10:37:44,788 INFO  [restartedMain] org.hibernate.Version:HHH000412: Hibernate ORM core version 5.6.9.Final
2022-07-24 10:37:45,062 INFO  [restartedMain] org.hibernate.annotations.common.Version:HCANN000001: Hibernate Commons Annotations {5.1.2.Final}
2022-07-24 10:37:45,246 INFO  [restartedMain] com.zaxxer.hikari.HikariDataSource:HikariPool-1 - Starting...
2022-07-24 10:37:45,784 INFO  [restartedMain] com.zaxxer.hikari.HikariDataSource:HikariPool-1 - Start completed.
2022-07-24 10:37:45,815 INFO  [restartedMain] org.hibernate.dialect.Dialect:HHH000400: Using dialect: org.hibernate.dialect.PostgreSQLDialect
2022-07-24 10:37:47,164 INFO  [restartedMain] org.hibernate.engine.transaction.jta.platform.internal.JtaPlatformInitiator:HHH000490: Using JtaPlatform implementation: [org.hibernate.engine.transaction.jta.platform.internal.NoJtaPlatform]
2022-07-24 10:37:47,178 INFO  [restartedMain] org.springframework.orm.jpa.LocalContainerEntityManagerFactoryBean:Initialized JPA EntityManagerFactory for persistence unit 'default'
2022-07-24 10:37:48,102 WARN  [restartedMain] org.springframework.boot.autoconfigure.orm.jpa.JpaBaseConfiguration$JpaWebConfiguration:spring.jpa.open-in-view is enabled by default. Therefore, database queries may be performed during view rendering. Explicitly configure spring.jpa.open-in-view to disable this warning
2022-07-24 10:37:48,800 WARN  [restartedMain] org.springframework.security.config.annotation.web.builders.WebSecurity:You are asking Spring Security to ignore Ant [pattern='/v3/api-docs/**']. This is not recommended -- please use permitAll via HttpSecurity#authorizeHttpRequests instead.
2022-07-24 10:37:48,802 INFO  [restartedMain] org.springframework.security.web.DefaultSecurityFilterChain:Will not secure Ant [pattern='/v3/api-docs/**']
2022-07-24 10:37:48,803 WARN  [restartedMain] org.springframework.security.config.annotation.web.builders.WebSecurity:You are asking Spring Security to ignore Ant [pattern='swagger-ui.html']. This is not recommended -- please use permitAll via HttpSecurity#authorizeHttpRequests instead.
2022-07-24 10:37:48,803 INFO  [restartedMain] org.springframework.security.web.DefaultSecurityFilterChain:Will not secure Ant [pattern='swagger-ui.html']
2022-07-24 10:37:48,803 WARN  [restartedMain] org.springframework.security.config.annotation.web.builders.WebSecurity:You are asking Spring Security to ignore Ant [pattern='/swagger-ui/**']. This is not recommended -- please use permitAll via HttpSecurity#authorizeHttpRequests instead.
2022-07-24 10:37:48,803 INFO  [restartedMain] org.springframework.security.web.DefaultSecurityFilterChain:Will not secure Ant [pattern='/swagger-ui/**']
2022-07-24 10:37:48,803 WARN  [restartedMain] org.springframework.security.config.annotation.web.builders.WebSecurity:You are asking Spring Security to ignore Ant [pattern='/']. This is not recommended -- please use permitAll via HttpSecurity#authorizeHttpRequests instead.
2022-07-24 10:37:48,803 INFO  [restartedMain] org.springframework.security.web.DefaultSecurityFilterChain:Will not secure Ant [pattern='/']
2022-07-24 10:37:48,804 WARN  [restartedMain] org.springframework.security.config.annotation.web.builders.WebSecurity:You are asking Spring Security to ignore Ant [pattern='index.html']. This is not recommended -- please use permitAll via HttpSecurity#authorizeHttpRequests instead.
2022-07-24 10:37:48,804 INFO  [restartedMain] org.springframework.security.web.DefaultSecurityFilterChain:Will not secure Ant [pattern='index.html']
2022-07-24 10:37:48,804 WARN  [restartedMain] org.springframework.security.config.annotation.web.builders.WebSecurity:You are asking Spring Security to ignore Ant [pattern='/images/**']. This is not recommended -- please use permitAll via HttpSecurity#authorizeHttpRequests instead.
2022-07-24 10:37:48,804 INFO  [restartedMain] org.springframework.security.web.DefaultSecurityFilterChain:Will not secure Ant [pattern='/images/**']
2022-07-24 10:37:48,852 INFO  [restartedMain] org.springframework.security.web.DefaultSecurityFilterChain:Will secure any request with [org.springframework.security.web.context.request.async.WebAsyncManagerIntegrationFilter@6a0f93da, org.springframework.security.web.context.SecurityContextPersistenceFilter@41652156, org.springframework.security.web.header.HeaderWriterFilter@7bccc14b, org.springframework.security.web.authentication.logout.LogoutFilter@2f057416, com.greenrent.security.jwt.AuthTokenFilter@73e9b526, org.springframework.security.web.savedrequest.RequestCacheAwareFilter@2d3802a7, org.springframework.security.web.servletapi.SecurityContextHolderAwareRequestFilter@14ac3618, org.springframework.security.web.authentication.AnonymousAuthenticationFilter@30b8c3e3, org.springframework.security.web.session.SessionManagementFilter@938a9dd, org.springframework.security.web.access.ExceptionTranslationFilter@323f6849, org.springframework.security.web.access.intercept.FilterSecurityInterceptor@2eabd92e]
2022-07-24 10:37:50,720 INFO  [restartedMain] org.springframework.boot.devtools.autoconfigure.OptionalLiveReloadServer:LiveReload server is running on port 35729
2022-07-24 10:37:50,730 INFO  [restartedMain] org.springframework.boot.actuate.endpoint.web.EndpointLinksResolver:Exposing 2 endpoint(s) beneath base path '/actuator'
2022-07-24 10:37:50,826 WARN  [restartedMain] org.springframework.boot.web.servlet.context.AnnotationConfigServletWebServerApplicationContext:Exception encountered during context initialization - cancelling refresh attempt: org.springframework.context.ApplicationContextException: Failed to start bean 'webServerStartStop'; nested exception is org.springframework.boot.web.server.PortInUseException: Port 8080 is already in use
2022-07-24 10:37:50,837 INFO  [restartedMain] org.springframework.orm.jpa.LocalContainerEntityManagerFactoryBean:Closing JPA EntityManagerFactory for persistence unit 'default'
2022-07-24 10:37:50,842 INFO  [restartedMain] com.zaxxer.hikari.HikariDataSource:HikariPool-1 - Shutdown initiated...
2022-07-24 10:37:50,846 INFO  [restartedMain] com.zaxxer.hikari.HikariDataSource:HikariPool-1 - Shutdown completed.
2022-07-24 10:37:50,852 INFO  [restartedMain] org.apache.catalina.core.StandardService:Stopping service [Tomcat]
2022-07-24 10:37:50,885 INFO  [restartedMain] org.springframework.boot.autoconfigure.logging.ConditionEvaluationReportLoggingListener:

Error starting ApplicationContext. To display the conditions report re-run your application with 'debug' enabled.
2022-07-24 10:37:50,920 ERROR [restartedMain] org.springframework.boot.diagnostics.LoggingFailureAnalysisReporter:

***************************
APPLICATION FAILED TO START
***************************

Description:

Web server failed to start. Port 8080 was already in use.

Action:

Identify and stop the process that's listening on port 8080 or configure this application to listen on another port.

2022-07-24 11:26:25,549 INFO  [restartedMain] com.greenrent.GreenRentApplication:Starting GreenRentApplication using Java 17.0.2 on DESKTOP-1U063IB with PID 9016 (C:\Users\Furkan\Documents\workspace-greenrent\GreenRent\target\classes started by Furkan in C:\Users\Furkan\Documents\workspace-greenrent\GreenRent)
2022-07-24 11:26:25,549 INFO  [restartedMain] com.greenrent.GreenRentApplication:The following 1 profile is active: "prod"
2022-07-24 11:26:25,584 INFO  [restartedMain] org.springframework.boot.devtools.env.DevToolsPropertyDefaultsPostProcessor:Devtools property defaults active! Set 'spring.devtools.add-properties' to 'false' to disable
2022-07-24 11:26:25,584 INFO  [restartedMain] org.springframework.boot.devtools.env.DevToolsPropertyDefaultsPostProcessor:For additional web related logging consider setting the 'logging.level.web' property to 'DEBUG'
2022-07-24 11:26:26,321 INFO  [restartedMain] org.springframework.data.repository.config.RepositoryConfigurationDelegate:Bootstrapping Spring Data JPA repositories in DEFAULT mode.
2022-07-24 11:26:26,390 INFO  [restartedMain] org.springframework.data.repository.config.RepositoryConfigurationDelegate:Finished Spring Data repository scanning in 61 ms. Found 6 JPA repository interfaces.
2022-07-24 11:26:26,852 INFO  [restartedMain] org.springframework.boot.web.embedded.tomcat.TomcatWebServer:Tomcat initialized with port(s): 8080 (http)
2022-07-24 11:26:26,860 INFO  [restartedMain] org.apache.catalina.core.StandardService:Starting service [Tomcat]
2022-07-24 11:26:26,861 INFO  [restartedMain] org.apache.catalina.core.StandardEngine:Starting Servlet engine: [Apache Tomcat/9.0.64]
2022-07-24 11:26:26,937 INFO  [restartedMain] org.apache.catalina.core.ContainerBase.[Tomcat].[localhost].[/]:Initializing Spring embedded WebApplicationContext
2022-07-24 11:26:26,937 INFO  [restartedMain] org.springframework.boot.web.servlet.context.ServletWebServerApplicationContext:Root WebApplicationContext: initialization completed in 1353 ms
2022-07-24 11:26:27,135 INFO  [restartedMain] org.hibernate.jpa.internal.util.LogHelper:HHH000204: Processing PersistenceUnitInfo [name: default]
2022-07-24 11:26:27,171 INFO  [restartedMain] org.hibernate.Version:HHH000412: Hibernate ORM core version 5.6.9.Final
2022-07-24 11:26:27,295 INFO  [restartedMain] org.hibernate.annotations.common.Version:HCANN000001: Hibernate Commons Annotations {5.1.2.Final}
2022-07-24 11:26:27,366 INFO  [restartedMain] com.zaxxer.hikari.HikariDataSource:HikariPool-1 - Starting...
2022-07-24 11:26:27,612 INFO  [restartedMain] com.zaxxer.hikari.HikariDataSource:HikariPool-1 - Start completed.
2022-07-24 11:26:27,627 INFO  [restartedMain] org.hibernate.dialect.Dialect:HHH000400: Using dialect: org.hibernate.dialect.PostgreSQLDialect
2022-07-24 11:26:28,245 INFO  [restartedMain] org.hibernate.engine.transaction.jta.platform.internal.JtaPlatformInitiator:HHH000490: Using JtaPlatform implementation: [org.hibernate.engine.transaction.jta.platform.internal.NoJtaPlatform]
2022-07-24 11:26:28,251 INFO  [restartedMain] org.springframework.orm.jpa.LocalContainerEntityManagerFactoryBean:Initialized JPA EntityManagerFactory for persistence unit 'default'
2022-07-24 11:26:28,642 WARN  [restartedMain] org.springframework.boot.autoconfigure.orm.jpa.JpaBaseConfiguration$JpaWebConfiguration:spring.jpa.open-in-view is enabled by default. Therefore, database queries may be performed during view rendering. Explicitly configure spring.jpa.open-in-view to disable this warning
2022-07-24 11:26:28,976 WARN  [restartedMain] org.springframework.security.config.annotation.web.builders.WebSecurity:You are asking Spring Security to ignore Ant [pattern='/v3/api-docs/**']. This is not recommended -- please use permitAll via HttpSecurity#authorizeHttpRequests instead.
2022-07-24 11:26:28,977 INFO  [restartedMain] org.springframework.security.web.DefaultSecurityFilterChain:Will not secure Ant [pattern='/v3/api-docs/**']
2022-07-24 11:26:28,978 WARN  [restartedMain] org.springframework.security.config.annotation.web.builders.WebSecurity:You are asking Spring Security to ignore Ant [pattern='swagger-ui.html']. This is not recommended -- please use permitAll via HttpSecurity#authorizeHttpRequests instead.
2022-07-24 11:26:28,978 INFO  [restartedMain] org.springframework.security.web.DefaultSecurityFilterChain:Will not secure Ant [pattern='swagger-ui.html']
2022-07-24 11:26:28,978 WARN  [restartedMain] org.springframework.security.config.annotation.web.builders.WebSecurity:You are asking Spring Security to ignore Ant [pattern='/swagger-ui/**']. This is not recommended -- please use permitAll via HttpSecurity#authorizeHttpRequests instead.
2022-07-24 11:26:28,978 INFO  [restartedMain] org.springframework.security.web.DefaultSecurityFilterChain:Will not secure Ant [pattern='/swagger-ui/**']
2022-07-24 11:26:28,978 WARN  [restartedMain] org.springframework.security.config.annotation.web.builders.WebSecurity:You are asking Spring Security to ignore Ant [pattern='/']. This is not recommended -- please use permitAll via HttpSecurity#authorizeHttpRequests instead.
2022-07-24 11:26:28,978 INFO  [restartedMain] org.springframework.security.web.DefaultSecurityFilterChain:Will not secure Ant [pattern='/']
2022-07-24 11:26:28,978 WARN  [restartedMain] org.springframework.security.config.annotation.web.builders.WebSecurity:You are asking Spring Security to ignore Ant [pattern='index.html']. This is not recommended -- please use permitAll via HttpSecurity#authorizeHttpRequests instead.
2022-07-24 11:26:28,978 INFO  [restartedMain] org.springframework.security.web.DefaultSecurityFilterChain:Will not secure Ant [pattern='index.html']
2022-07-24 11:26:28,978 WARN  [restartedMain] org.springframework.security.config.annotation.web.builders.WebSecurity:You are asking Spring Security to ignore Ant [pattern='/images/**']. This is not recommended -- please use permitAll via HttpSecurity#authorizeHttpRequests instead.
2022-07-24 11:26:28,978 INFO  [restartedMain] org.springframework.security.web.DefaultSecurityFilterChain:Will not secure Ant [pattern='/images/**']
2022-07-24 11:26:29,003 INFO  [restartedMain] org.springframework.security.web.DefaultSecurityFilterChain:Will secure any request with [org.springframework.security.web.context.request.async.WebAsyncManagerIntegrationFilter@2da81127, org.springframework.security.web.context.SecurityContextPersistenceFilter@4e540089, org.springframework.security.web.header.HeaderWriterFilter@177230d3, org.springframework.security.web.authentication.logout.LogoutFilter@4330c4fe, com.greenrent.security.jwt.AuthTokenFilter@5308aa0, org.springframework.security.web.savedrequest.RequestCacheAwareFilter@1ffa748d, org.springframework.security.web.servletapi.SecurityContextHolderAwareRequestFilter@7ea293d5, org.springframework.security.web.authentication.AnonymousAuthenticationFilter@9b4085d, org.springframework.security.web.session.SessionManagementFilter@4d1f322d, org.springframework.security.web.access.ExceptionTranslationFilter@6fd57127, org.springframework.security.web.access.intercept.FilterSecurityInterceptor@531037a4]
2022-07-24 11:26:29,924 INFO  [restartedMain] org.springframework.boot.devtools.autoconfigure.OptionalLiveReloadServer:LiveReload server is running on port 35729
2022-07-24 11:26:29,931 INFO  [restartedMain] org.springframework.boot.actuate.endpoint.web.EndpointLinksResolver:Exposing 2 endpoint(s) beneath base path '/actuator'
2022-07-24 11:26:29,997 WARN  [restartedMain] org.springframework.boot.web.servlet.context.AnnotationConfigServletWebServerApplicationContext:Exception encountered during context initialization - cancelling refresh attempt: org.springframework.context.ApplicationContextException: Failed to start bean 'webServerStartStop'; nested exception is org.springframework.boot.web.server.PortInUseException: Port 8080 is already in use
2022-07-24 11:26:30,004 INFO  [restartedMain] org.springframework.orm.jpa.LocalContainerEntityManagerFactoryBean:Closing JPA EntityManagerFactory for persistence unit 'default'
2022-07-24 11:26:30,009 INFO  [restartedMain] com.zaxxer.hikari.HikariDataSource:HikariPool-1 - Shutdown initiated...
2022-07-24 11:26:30,015 INFO  [restartedMain] com.zaxxer.hikari.HikariDataSource:HikariPool-1 - Shutdown completed.
2022-07-24 11:26:30,018 INFO  [restartedMain] org.apache.catalina.core.StandardService:Stopping service [Tomcat]
2022-07-24 11:26:30,032 INFO  [restartedMain] org.springframework.boot.autoconfigure.logging.ConditionEvaluationReportLoggingListener:

Error starting ApplicationContext. To display the conditions report re-run your application with 'debug' enabled.
2022-07-24 11:26:30,044 ERROR [restartedMain] org.springframework.boot.diagnostics.LoggingFailureAnalysisReporter:

***************************
APPLICATION FAILED TO START
***************************

Description:

Web server failed to start. Port 8080 was already in use.

Action:

Identify and stop the process that's listening on port 8080 or configure this application to listen on another port.

2022-07-24 11:27:21,549 INFO  [restartedMain] com.greenrent.GreenRentApplication:Starting GreenRentApplication using Java 17.0.2 on DESKTOP-1U063IB with PID 16940 (C:\Users\Furkan\Documents\workspace-greenrent\GreenRent\target\classes started by Furkan in C:\Users\Furkan\Documents\workspace-greenrent\GreenRent)
2022-07-24 11:27:21,550 INFO  [restartedMain] com.greenrent.GreenRentApplication:The following 1 profile is active: "prod"
2022-07-24 11:27:21,586 INFO  [restartedMain] org.springframework.boot.devtools.env.DevToolsPropertyDefaultsPostProcessor:Devtools property defaults active! Set 'spring.devtools.add-properties' to 'false' to disable
2022-07-24 11:27:21,587 INFO  [restartedMain] org.springframework.boot.devtools.env.DevToolsPropertyDefaultsPostProcessor:For additional web related logging consider setting the 'logging.level.web' property to 'DEBUG'
2022-07-24 11:27:22,427 INFO  [restartedMain] org.springframework.data.repository.config.RepositoryConfigurationDelegate:Bootstrapping Spring Data JPA repositories in DEFAULT mode.
2022-07-24 11:27:22,489 INFO  [restartedMain] org.springframework.data.repository.config.RepositoryConfigurationDelegate:Finished Spring Data repository scanning in 56 ms. Found 6 JPA repository interfaces.
2022-07-24 11:27:22,954 INFO  [restartedMain] org.springframework.boot.web.embedded.tomcat.TomcatWebServer:Tomcat initialized with port(s): 8080 (http)
2022-07-24 11:27:22,961 INFO  [restartedMain] org.apache.catalina.core.StandardService:Starting service [Tomcat]
2022-07-24 11:27:22,961 INFO  [restartedMain] org.apache.catalina.core.StandardEngine:Starting Servlet engine: [Apache Tomcat/9.0.64]
2022-07-24 11:27:23,040 INFO  [restartedMain] org.apache.catalina.core.ContainerBase.[Tomcat].[localhost].[/]:Initializing Spring embedded WebApplicationContext
2022-07-24 11:27:23,040 INFO  [restartedMain] org.springframework.boot.web.servlet.context.ServletWebServerApplicationContext:Root WebApplicationContext: initialization completed in 1453 ms
2022-07-24 11:27:23,221 INFO  [restartedMain] org.hibernate.jpa.internal.util.LogHelper:HHH000204: Processing PersistenceUnitInfo [name: default]
2022-07-24 11:27:23,259 INFO  [restartedMain] org.hibernate.Version:HHH000412: Hibernate ORM core version 5.6.9.Final
2022-07-24 11:27:23,383 INFO  [restartedMain] org.hibernate.annotations.common.Version:HCANN000001: Hibernate Commons Annotations {5.1.2.Final}
2022-07-24 11:27:23,452 INFO  [restartedMain] com.zaxxer.hikari.HikariDataSource:HikariPool-1 - Starting...
2022-07-24 11:27:23,702 INFO  [restartedMain] com.zaxxer.hikari.HikariDataSource:HikariPool-1 - Start completed.
2022-07-24 11:27:23,719 INFO  [restartedMain] org.hibernate.dialect.Dialect:HHH000400: Using dialect: org.hibernate.dialect.PostgreSQLDialect
2022-07-24 11:27:24,356 INFO  [restartedMain] org.hibernate.engine.transaction.jta.platform.internal.JtaPlatformInitiator:HHH000490: Using JtaPlatform implementation: [org.hibernate.engine.transaction.jta.platform.internal.NoJtaPlatform]
2022-07-24 11:27:24,363 INFO  [restartedMain] org.springframework.orm.jpa.LocalContainerEntityManagerFactoryBean:Initialized JPA EntityManagerFactory for persistence unit 'default'
2022-07-24 11:27:24,755 WARN  [restartedMain] org.springframework.boot.autoconfigure.orm.jpa.JpaBaseConfiguration$JpaWebConfiguration:spring.jpa.open-in-view is enabled by default. Therefore, database queries may be performed during view rendering. Explicitly configure spring.jpa.open-in-view to disable this warning
2022-07-24 11:27:25,085 WARN  [restartedMain] org.springframework.security.config.annotation.web.builders.WebSecurity:You are asking Spring Security to ignore Ant [pattern='/v3/api-docs/**']. This is not recommended -- please use permitAll via HttpSecurity#authorizeHttpRequests instead.
2022-07-24 11:27:25,085 INFO  [restartedMain] org.springframework.security.web.DefaultSecurityFilterChain:Will not secure Ant [pattern='/v3/api-docs/**']
2022-07-24 11:27:25,086 WARN  [restartedMain] org.springframework.security.config.annotation.web.builders.WebSecurity:You are asking Spring Security to ignore Ant [pattern='swagger-ui.html']. This is not recommended -- please use permitAll via HttpSecurity#authorizeHttpRequests instead.
2022-07-24 11:27:25,086 INFO  [restartedMain] org.springframework.security.web.DefaultSecurityFilterChain:Will not secure Ant [pattern='swagger-ui.html']
2022-07-24 11:27:25,086 WARN  [restartedMain] org.springframework.security.config.annotation.web.builders.WebSecurity:You are asking Spring Security to ignore Ant [pattern='/swagger-ui/**']. This is not recommended -- please use permitAll via HttpSecurity#authorizeHttpRequests instead.
2022-07-24 11:27:25,086 INFO  [restartedMain] org.springframework.security.web.DefaultSecurityFilterChain:Will not secure Ant [pattern='/swagger-ui/**']
2022-07-24 11:27:25,086 WARN  [restartedMain] org.springframework.security.config.annotation.web.builders.WebSecurity:You are asking Spring Security to ignore Ant [pattern='/']. This is not recommended -- please use permitAll via HttpSecurity#authorizeHttpRequests instead.
2022-07-24 11:27:25,086 INFO  [restartedMain] org.springframework.security.web.DefaultSecurityFilterChain:Will not secure Ant [pattern='/']
2022-07-24 11:27:25,086 WARN  [restartedMain] org.springframework.security.config.annotation.web.builders.WebSecurity:You are asking Spring Security to ignore Ant [pattern='index.html']. This is not recommended -- please use permitAll via HttpSecurity#authorizeHttpRequests instead.
2022-07-24 11:27:25,086 INFO  [restartedMain] org.springframework.security.web.DefaultSecurityFilterChain:Will not secure Ant [pattern='index.html']
2022-07-24 11:27:25,086 WARN  [restartedMain] org.springframework.security.config.annotation.web.builders.WebSecurity:You are asking Spring Security to ignore Ant [pattern='/images/**']. This is not recommended -- please use permitAll via HttpSecurity#authorizeHttpRequests instead.
2022-07-24 11:27:25,086 INFO  [restartedMain] org.springframework.security.web.DefaultSecurityFilterChain:Will not secure Ant [pattern='/images/**']
2022-07-24 11:27:25,110 INFO  [restartedMain] org.springframework.security.web.DefaultSecurityFilterChain:Will secure any request with [org.springframework.security.web.context.request.async.WebAsyncManagerIntegrationFilter@68d84dcd, org.springframework.security.web.context.SecurityContextPersistenceFilter@f773420, org.springframework.security.web.header.HeaderWriterFilter@123042f0, org.springframework.security.web.authentication.logout.LogoutFilter@5e3a17a8, com.greenrent.security.jwt.AuthTokenFilter@428fa517, org.springframework.security.web.savedrequest.RequestCacheAwareFilter@4ce5ba25, org.springframework.security.web.servletapi.SecurityContextHolderAwareRequestFilter@36e160c3, org.springframework.security.web.authentication.AnonymousAuthenticationFilter@5f851d8a, org.springframework.security.web.session.SessionManagementFilter@5c2f5bd0, org.springframework.security.web.access.ExceptionTranslationFilter@23577a69, org.springframework.security.web.access.intercept.FilterSecurityInterceptor@32a14a79]
2022-07-24 11:27:26,041 INFO  [restartedMain] org.springframework.boot.devtools.autoconfigure.OptionalLiveReloadServer:LiveReload server is running on port 35729
2022-07-24 11:27:26,049 INFO  [restartedMain] org.springframework.boot.actuate.endpoint.web.EndpointLinksResolver:Exposing 2 endpoint(s) beneath base path '/actuator'
2022-07-24 11:27:26,109 WARN  [restartedMain] org.springframework.boot.web.servlet.context.AnnotationConfigServletWebServerApplicationContext:Exception encountered during context initialization - cancelling refresh attempt: org.springframework.context.ApplicationContextException: Failed to start bean 'webServerStartStop'; nested exception is org.springframework.boot.web.server.PortInUseException: Port 8080 is already in use
2022-07-24 11:27:26,115 INFO  [restartedMain] org.springframework.orm.jpa.LocalContainerEntityManagerFactoryBean:Closing JPA EntityManagerFactory for persistence unit 'default'
2022-07-24 11:27:26,119 INFO  [restartedMain] com.zaxxer.hikari.HikariDataSource:HikariPool-1 - Shutdown initiated...
2022-07-24 11:27:26,121 INFO  [restartedMain] com.zaxxer.hikari.HikariDataSource:HikariPool-1 - Shutdown completed.
2022-07-24 11:27:26,124 INFO  [restartedMain] org.apache.catalina.core.StandardService:Stopping service [Tomcat]
2022-07-24 11:27:26,142 INFO  [restartedMain] org.springframework.boot.autoconfigure.logging.ConditionEvaluationReportLoggingListener:

Error starting ApplicationContext. To display the conditions report re-run your application with 'debug' enabled.
2022-07-24 11:27:26,163 ERROR [restartedMain] org.springframework.boot.diagnostics.LoggingFailureAnalysisReporter:

***************************
APPLICATION FAILED TO START
***************************

Description:

Web server failed to start. Port 8080 was already in use.

Action:

Identify and stop the process that's listening on port 8080 or configure this application to listen on another port.

2022-07-24 15:19:21,196 INFO  [restartedMain] com.greenrent.GreenRentApplication:Starting GreenRentApplication using Java 17.0.2 on DESKTOP-1U063IB with PID 12296 (C:\Users\Furkan\Documents\workspace-greenrent\GreenRent\target\classes started by Furkan in C:\Users\Furkan\Documents\workspace-greenrent\GreenRent)
2022-07-24 15:19:21,197 INFO  [restartedMain] com.greenrent.GreenRentApplication:The following 1 profile is active: "prod"
2022-07-24 15:19:21,229 INFO  [restartedMain] org.springframework.boot.devtools.env.DevToolsPropertyDefaultsPostProcessor:Devtools property defaults active! Set 'spring.devtools.add-properties' to 'false' to disable
2022-07-24 15:19:21,229 INFO  [restartedMain] org.springframework.boot.devtools.env.DevToolsPropertyDefaultsPostProcessor:For additional web related logging consider setting the 'logging.level.web' property to 'DEBUG'
2022-07-24 15:19:22,054 INFO  [restartedMain] org.springframework.data.repository.config.RepositoryConfigurationDelegate:Bootstrapping Spring Data JPA repositories in DEFAULT mode.
2022-07-24 15:19:22,110 INFO  [restartedMain] org.springframework.data.repository.config.RepositoryConfigurationDelegate:Finished Spring Data repository scanning in 51 ms. Found 6 JPA repository interfaces.
2022-07-24 15:19:22,572 INFO  [restartedMain] org.springframework.boot.web.embedded.tomcat.TomcatWebServer:Tomcat initialized with port(s): 8080 (http)
2022-07-24 15:19:22,579 INFO  [restartedMain] org.apache.catalina.core.StandardService:Starting service [Tomcat]
2022-07-24 15:19:22,580 INFO  [restartedMain] org.apache.catalina.core.StandardEngine:Starting Servlet engine: [Apache Tomcat/9.0.64]
2022-07-24 15:19:22,648 INFO  [restartedMain] org.apache.catalina.core.ContainerBase.[Tomcat].[localhost].[/]:Initializing Spring embedded WebApplicationContext
2022-07-24 15:19:22,648 INFO  [restartedMain] org.springframework.boot.web.servlet.context.ServletWebServerApplicationContext:Root WebApplicationContext: initialization completed in 1419 ms
2022-07-24 15:19:22,825 INFO  [restartedMain] org.hibernate.jpa.internal.util.LogHelper:HHH000204: Processing PersistenceUnitInfo [name: default]
2022-07-24 15:19:22,868 INFO  [restartedMain] org.hibernate.Version:HHH000412: Hibernate ORM core version 5.6.9.Final
2022-07-24 15:19:22,980 INFO  [restartedMain] org.hibernate.annotations.common.Version:HCANN000001: Hibernate Commons Annotations {5.1.2.Final}
2022-07-24 15:19:23,057 INFO  [restartedMain] com.zaxxer.hikari.HikariDataSource:HikariPool-1 - Starting...
2022-07-24 15:19:23,321 INFO  [restartedMain] com.zaxxer.hikari.HikariDataSource:HikariPool-1 - Start completed.
2022-07-24 15:19:23,337 INFO  [restartedMain] org.hibernate.dialect.Dialect:HHH000400: Using dialect: org.hibernate.dialect.PostgreSQLDialect
2022-07-24 15:19:23,956 INFO  [restartedMain] org.hibernate.engine.transaction.jta.platform.internal.JtaPlatformInitiator:HHH000490: Using JtaPlatform implementation: [org.hibernate.engine.transaction.jta.platform.internal.NoJtaPlatform]
2022-07-24 15:19:23,963 INFO  [restartedMain] org.springframework.orm.jpa.LocalContainerEntityManagerFactoryBean:Initialized JPA EntityManagerFactory for persistence unit 'default'
2022-07-24 15:19:24,354 WARN  [restartedMain] org.springframework.boot.autoconfigure.orm.jpa.JpaBaseConfiguration$JpaWebConfiguration:spring.jpa.open-in-view is enabled by default. Therefore, database queries may be performed during view rendering. Explicitly configure spring.jpa.open-in-view to disable this warning
2022-07-24 15:19:24,667 WARN  [restartedMain] org.springframework.security.config.annotation.web.builders.WebSecurity:You are asking Spring Security to ignore Ant [pattern='/v3/api-docs/**']. This is not recommended -- please use permitAll via HttpSecurity#authorizeHttpRequests instead.
2022-07-24 15:19:24,667 INFO  [restartedMain] org.springframework.security.web.DefaultSecurityFilterChain:Will not secure Ant [pattern='/v3/api-docs/**']
2022-07-24 15:19:24,667 WARN  [restartedMain] org.springframework.security.config.annotation.web.builders.WebSecurity:You are asking Spring Security to ignore Ant [pattern='swagger-ui.html']. This is not recommended -- please use permitAll via HttpSecurity#authorizeHttpRequests instead.
2022-07-24 15:19:24,667 INFO  [restartedMain] org.springframework.security.web.DefaultSecurityFilterChain:Will not secure Ant [pattern='swagger-ui.html']
2022-07-24 15:19:24,668 WARN  [restartedMain] org.springframework.security.config.annotation.web.builders.WebSecurity:You are asking Spring Security to ignore Ant [pattern='/swagger-ui/**']. This is not recommended -- please use permitAll via HttpSecurity#authorizeHttpRequests instead.
2022-07-24 15:19:24,668 INFO  [restartedMain] org.springframework.security.web.DefaultSecurityFilterChain:Will not secure Ant [pattern='/swagger-ui/**']
2022-07-24 15:19:24,668 WARN  [restartedMain] org.springframework.security.config.annotation.web.builders.WebSecurity:You are asking Spring Security to ignore Ant [pattern='/']. This is not recommended -- please use permitAll via HttpSecurity#authorizeHttpRequests instead.
2022-07-24 15:19:24,668 INFO  [restartedMain] org.springframework.security.web.DefaultSecurityFilterChain:Will not secure Ant [pattern='/']
2022-07-24 15:19:24,668 WARN  [restartedMain] org.springframework.security.config.annotation.web.builders.WebSecurity:You are asking Spring Security to ignore Ant [pattern='index.html']. This is not recommended -- please use permitAll via HttpSecurity#authorizeHttpRequests instead.
2022-07-24 15:19:24,668 INFO  [restartedMain] org.springframework.security.web.DefaultSecurityFilterChain:Will not secure Ant [pattern='index.html']
2022-07-24 15:19:24,668 WARN  [restartedMain] org.springframework.security.config.annotation.web.builders.WebSecurity:You are asking Spring Security to ignore Ant [pattern='/images/**']. This is not recommended -- please use permitAll via HttpSecurity#authorizeHttpRequests instead.
2022-07-24 15:19:24,668 INFO  [restartedMain] org.springframework.security.web.DefaultSecurityFilterChain:Will not secure Ant [pattern='/images/**']
2022-07-24 15:19:24,691 INFO  [restartedMain] org.springframework.security.web.DefaultSecurityFilterChain:Will secure any request with [org.springframework.security.web.context.request.async.WebAsyncManagerIntegrationFilter@7d87986d, org.springframework.security.web.context.SecurityContextPersistenceFilter@21f502dc, org.springframework.security.web.header.HeaderWriterFilter@52656d36, org.springframework.security.web.authentication.logout.LogoutFilter@75e4919d, com.greenrent.security.jwt.AuthTokenFilter@1f933d2d, org.springframework.security.web.savedrequest.RequestCacheAwareFilter@598e5486, org.springframework.security.web.servletapi.SecurityContextHolderAwareRequestFilter@641a2569, org.springframework.security.web.authentication.AnonymousAuthenticationFilter@19637232, org.springframework.security.web.session.SessionManagementFilter@6ce9bd44, org.springframework.security.web.access.ExceptionTranslationFilter@396d1bda, org.springframework.security.web.access.intercept.FilterSecurityInterceptor@30a31303]
2022-07-24 15:19:25,513 INFO  [restartedMain] org.springframework.boot.devtools.autoconfigure.OptionalLiveReloadServer:LiveReload server is running on port 35729
2022-07-24 15:19:25,516 INFO  [restartedMain] org.springframework.boot.actuate.endpoint.web.EndpointLinksResolver:Exposing 2 endpoint(s) beneath base path '/actuator'
2022-07-24 15:19:25,567 INFO  [restartedMain] org.springframework.boot.web.embedded.tomcat.TomcatWebServer:Tomcat started on port(s): 8080 (http) with context path ''
2022-07-24 15:19:25,581 INFO  [restartedMain] com.greenrent.GreenRentApplication:Started GreenRentApplication in 4.699 seconds (JVM running for 5.245)
2022-07-24 15:19:28,502 INFO  [RMI TCP Connection(3)-127.0.0.1] org.apache.catalina.core.ContainerBase.[Tomcat].[localhost].[/]:Initializing Spring DispatcherServlet 'dispatcherServlet'
2022-07-24 15:19:28,502 INFO  [RMI TCP Connection(3)-127.0.0.1] org.springframework.web.servlet.DispatcherServlet:Initializing Servlet 'dispatcherServlet'
2022-07-24 15:19:28,503 INFO  [RMI TCP Connection(3)-127.0.0.1] org.springframework.web.servlet.DispatcherServlet:Completed initialization in 1 ms
2022-07-24 15:22:30,279 INFO  [RMI TCP Connection(6)-127.0.0.1] org.springframework.boot.admin.SpringApplicationAdminMXBeanRegistrar$SpringApplicationAdmin:Application shutdown requested.
2022-07-24 15:22:30,300 INFO  [RMI TCP Connection(6)-127.0.0.1] org.springframework.orm.jpa.LocalContainerEntityManagerFactoryBean:Closing JPA EntityManagerFactory for persistence unit 'default'
2022-07-24 15:22:30,303 INFO  [RMI TCP Connection(6)-127.0.0.1] com.zaxxer.hikari.HikariDataSource:HikariPool-1 - Shutdown initiated...
2022-07-24 15:22:30,305 INFO  [RMI TCP Connection(6)-127.0.0.1] com.zaxxer.hikari.HikariDataSource:HikariPool-1 - Shutdown completed.
