2022-07-05 20:53:47,406 INFO  [restartedMain] com.greenrent.GreenRentApplication:Starting GreenRentApplication using Java 17.0.2 on DESKTOP-1U063IB with PID 14020 (C:\Users\Furkan\Documents\workspace-greenrent\GreenRent\target\classes started by Furkan in C:\Users\Furkan\Documents\workspace-greenrent\GreenRent)
2022-07-05 20:53:47,409 DEBUG [restartedMain] com.greenrent.GreenRentApplication:Running with Spring Boot v2.6.9, Spring v5.3.21
2022-07-05 20:53:47,410 INFO  [restartedMain] com.greenrent.GreenRentApplication:No active profile set, falling back to 1 default profile: "default"
2022-07-05 20:53:47,445 INFO  [restartedMain] org.springframework.boot.devtools.env.DevToolsPropertyDefaultsPostProcessor:Devtools property defaults active! Set 'spring.devtools.add-properties' to 'false' to disable
2022-07-05 20:53:47,445 INFO  [restartedMain] org.springframework.boot.devtools.env.DevToolsPropertyDefaultsPostProcessor:For additional web related logging consider setting the 'logging.level.web' property to 'DEBUG'
2022-07-05 20:53:48,096 INFO  [restartedMain] org.springframework.data.repository.config.RepositoryConfigurationDelegate:Bootstrapping Spring Data JPA repositories in DEFAULT mode.
2022-07-05 20:53:48,143 INFO  [restartedMain] org.springframework.data.repository.config.RepositoryConfigurationDelegate:Finished Spring Data repository scanning in 40 ms. Found 3 JPA repository interfaces.
2022-07-05 20:53:48,606 INFO  [restartedMain] org.springframework.boot.web.embedded.tomcat.TomcatWebServer:Tomcat initialized with port(s): 8080 (http)
2022-07-05 20:53:48,612 INFO  [restartedMain] org.apache.catalina.core.StandardService:Starting service [Tomcat]
2022-07-05 20:53:48,613 INFO  [restartedMain] org.apache.catalina.core.StandardEngine:Starting Servlet engine: [Apache Tomcat/9.0.64]
2022-07-05 20:53:48,682 INFO  [restartedMain] org.apache.catalina.core.ContainerBase.[Tomcat].[localhost].[/]:Initializing Spring embedded WebApplicationContext
2022-07-05 20:53:48,683 INFO  [restartedMain] org.springframework.boot.web.servlet.context.ServletWebServerApplicationContext:Root WebApplicationContext: initialization completed in 1237 ms
2022-07-05 20:53:48,879 INFO  [restartedMain] org.hibernate.jpa.internal.util.LogHelper:HHH000204: Processing PersistenceUnitInfo [name: default]
2022-07-05 20:53:48,920 INFO  [restartedMain] org.hibernate.Version:HHH000412: Hibernate ORM core version 5.6.9.Final
2022-07-05 20:53:49,044 INFO  [restartedMain] org.hibernate.annotations.common.Version:HCANN000001: Hibernate Commons Annotations {5.1.2.Final}
2022-07-05 20:53:49,115 INFO  [restartedMain] com.zaxxer.hikari.HikariDataSource:HikariPool-1 - Starting...
2022-07-05 20:53:49,385 INFO  [restartedMain] com.zaxxer.hikari.HikariDataSource:HikariPool-1 - Start completed.
2022-07-05 20:53:49,398 INFO  [restartedMain] org.hibernate.dialect.Dialect:HHH000400: Using dialect: org.hibernate.dialect.PostgreSQLDialect
2022-07-05 20:53:49,963 INFO  [restartedMain] org.hibernate.engine.transaction.jta.platform.internal.JtaPlatformInitiator:HHH000490: Using JtaPlatform implementation: [org.hibernate.engine.transaction.jta.platform.internal.NoJtaPlatform]
2022-07-05 20:53:49,969 INFO  [restartedMain] org.springframework.orm.jpa.LocalContainerEntityManagerFactoryBean:Initialized JPA EntityManagerFactory for persistence unit 'default'
2022-07-05 20:53:50,164 WARN  [restartedMain] org.springframework.boot.autoconfigure.orm.jpa.JpaBaseConfiguration$JpaWebConfiguration:spring.jpa.open-in-view is enabled by default. Therefore, database queries may be performed during view rendering. Explicitly configure spring.jpa.open-in-view to disable this warning
2022-07-05 20:53:50,528 WARN  [restartedMain] org.springframework.boot.autoconfigure.security.servlet.UserDetailsServiceAutoConfiguration:

Using generated security password: 442afc3b-4b3f-49e1-9d76-0b2897fd0f8f

This generated password is for development use only. Your security configuration must be updated before running your application in production.

2022-07-05 20:53:50,627 INFO  [restartedMain] org.springframework.boot.actuate.endpoint.web.EndpointLinksResolver:Exposing 1 endpoint(s) beneath base path '/actuator'
2022-07-05 20:53:50,638 INFO  [restartedMain] org.springframework.security.web.DefaultSecurityFilterChain:Will secure any request with [org.springframework.security.web.context.request.async.WebAsyncManagerIntegrationFilter@48bb74a1, org.springframework.security.web.context.SecurityContextPersistenceFilter@129a5a63, org.springframework.security.web.header.HeaderWriterFilter@3d3c4e75, org.springframework.web.filter.CorsFilter@3c942644, org.springframework.security.web.csrf.CsrfFilter@3b5015cc, org.springframework.security.web.authentication.logout.LogoutFilter@a11030b, org.springframework.security.web.authentication.UsernamePasswordAuthenticationFilter@65df0265, org.springframework.security.web.authentication.ui.DefaultLoginPageGeneratingFilter@f3ad484, org.springframework.security.web.authentication.ui.DefaultLogoutPageGeneratingFilter@4445b4e6, org.springframework.security.web.authentication.www.BasicAuthenticationFilter@32495c0c, org.springframework.security.web.savedrequest.RequestCacheAwareFilter@20760bb2, org.springframework.security.web.servletapi.SecurityContextHolderAwareRequestFilter@3ab4b59f, org.springframework.security.web.authentication.AnonymousAuthenticationFilter@7755db65, org.springframework.security.web.session.SessionManagementFilter@b8866cf, org.springframework.security.web.access.ExceptionTranslationFilter@69f57d2d, org.springframework.security.web.access.intercept.FilterSecurityInterceptor@55948144]
2022-07-05 20:53:50,775 INFO  [restartedMain] org.springframework.boot.devtools.autoconfigure.OptionalLiveReloadServer:LiveReload server is running on port 35729
2022-07-05 20:53:50,808 INFO  [restartedMain] org.springframework.boot.web.embedded.tomcat.TomcatWebServer:Tomcat started on port(s): 8080 (http) with context path ''
2022-07-05 20:53:50,820 INFO  [restartedMain] com.greenrent.GreenRentApplication:Started GreenRentApplication in 3.705 seconds (JVM running for 4.175)
2022-07-05 20:53:51,462 INFO  [RMI TCP Connection(3)-127.0.0.1] org.apache.catalina.core.ContainerBase.[Tomcat].[localhost].[/]:Initializing Spring DispatcherServlet 'dispatcherServlet'
2022-07-05 20:53:51,462 INFO  [RMI TCP Connection(3)-127.0.0.1] org.springframework.web.servlet.DispatcherServlet:Initializing Servlet 'dispatcherServlet'
2022-07-05 20:53:51,464 INFO  [RMI TCP Connection(3)-127.0.0.1] org.springframework.web.servlet.DispatcherServlet:Completed initialization in 2 ms
2022-07-05 20:54:31,163 INFO  [Thread-5] org.springframework.orm.jpa.LocalContainerEntityManagerFactoryBean:Closing JPA EntityManagerFactory for persistence unit 'default'
2022-07-05 20:54:31,165 INFO  [Thread-5] com.zaxxer.hikari.HikariDataSource:HikariPool-1 - Shutdown initiated...
2022-07-05 20:54:31,166 INFO  [Thread-5] com.zaxxer.hikari.HikariDataSource:HikariPool-1 - Shutdown completed.
